<?xml version="1.0" encoding="UTF-8"?>
<!-- Generated by org.testng.reporters.JUnitReportReporter -->
<testsuite skipped="0" hostname="DESKTOP-VDH35U1" name="Scripts.Config" tests="2" failures="0" timestamp="2022-07-17T10:31:05 GST" time="0.106" errors="0">
  <testcase name="testA" time="0.056" classname="Scripts.Config"/>
  <system-out/>
  <testcase name="testA" time="0.050" classname="Scripts.Config"/>
  <system-out/>
</testsuite> <!-- Scripts.Config -->
